
Circuit 1 cell sky130_fd_pr__nfet_01v8 and Circuit 2 cell sky130_fd_pr__nfet_01v8 are black boxes.
Warning: Equate pins:  cell sky130_fd_pr__nfet_01v8 is a placeholder, treated as a black box.
Warning: Equate pins:  cell sky130_fd_pr__nfet_01v8 is a placeholder, treated as a black box.

Subcircuit pins:
Circuit 1: sky130_fd_pr__nfet_01v8         |Circuit 2: sky130_fd_pr__nfet_01v8         
-------------------------------------------|-------------------------------------------
1                                          |1                                          
2                                          |2                                          
3                                          |3                                          
4                                          |4                                          
---------------------------------------------------------------------------------------
Cell pin lists are equivalent.
Device classes sky130_fd_pr__nfet_01v8 and sky130_fd_pr__nfet_01v8 are equivalent.

Circuit 1 cell sky130_fd_pr__pfet_01v8 and Circuit 2 cell sky130_fd_pr__pfet_01v8 are black boxes.
Warning: Equate pins:  cell sky130_fd_pr__pfet_01v8 is a placeholder, treated as a black box.
Warning: Equate pins:  cell sky130_fd_pr__pfet_01v8 is a placeholder, treated as a black box.

Subcircuit pins:
Circuit 1: sky130_fd_pr__pfet_01v8         |Circuit 2: sky130_fd_pr__pfet_01v8         
-------------------------------------------|-------------------------------------------
1                                          |1                                          
2                                          |2                                          
3                                          |3                                          
4                                          |4                                          
---------------------------------------------------------------------------------------
Cell pin lists are equivalent.
Device classes sky130_fd_pr__pfet_01v8 and sky130_fd_pr__pfet_01v8 are equivalent.
Flattening unmatched subcell sky130_fd_pr__nfet_01v8_U7AA6P in circuit nmoscs2 (0)(4 instances)
Flattening unmatched subcell sky130_fd_pr__nfet_01v8_TC9PLT in circuit nmoscs2 (0)(4 instances)

Class nmoscs2 (0):  Merged 8 parallel devices.
Subcircuit summary:
Circuit 1: nmoscs2                         |Circuit 2: nmoscs2                         
-------------------------------------------|-------------------------------------------
sky130_fd_pr__nfet_01v8 (12->4)            |sky130_fd_pr__nfet_01v8 (12->4)            
Number of devices: 4                       |Number of devices: 4                       
Number of nets: 3                          |Number of nets: 3                          
---------------------------------------------------------------------------------------
Netlists match uniquely with property errors.
sky130_fd_pr__nfet_01v8_U7AA6P_2/sky130_fd_pr__nfet_01v8:0 vs. sky130_fd_pr__nfet_01v8:M9:
 l circuit1: 1   circuit2: 0.8   (delta=22.2%, cutoff=1%)
 w circuit1: 2   circuit2: 1   (delta=66.7%, cutoff=1%)
sky130_fd_pr__nfet_01v8_TC9PLT_0/sky130_fd_pr__nfet_01v8:0 vs. sky130_fd_pr__nfet_01v8:M1:
 w circuit1: 2   circuit2: 1   (delta=66.7%, cutoff=1%)
sky130_fd_pr__nfet_01v8_U7AA6P_2/sky130_fd_pr__nfet_01v8:1 vs. sky130_fd_pr__nfet_01v8:M8:
 l circuit1: 1   circuit2: 0.8   (delta=22.2%, cutoff=1%)
 w circuit1: 2   circuit2: 1   (delta=66.7%, cutoff=1%)
sky130_fd_pr__nfet_01v8_TC9PLT_2/sky130_fd_pr__nfet_01v8:0 vs. sky130_fd_pr__nfet_01v8:M2:
 w circuit1: 2   circuit2: 1   (delta=66.7%, cutoff=1%)

Subcircuit pins:
Circuit 1: nmoscs2                         |Circuit 2: nmoscs2                         
-------------------------------------------|-------------------------------------------
D8                                         |D8                                         
GND                                        |GND                                        
D9                                         |D9                                         
---------------------------------------------------------------------------------------
Cell pin lists are equivalent.
Device classes nmoscs2 and nmoscs2 are equivalent.
Flattening unmatched subcell sky130_fd_pr__pfet_01v8_2ZH9AN in circuit pmoscs (0)(8 instances)
Flattening unmatched subcell sky130_fd_pr__pfet_01v8_SDE6B7 in circuit pmoscs (0)(4 instances)

Class pmoscs (0):  Merged 9 parallel devices.
Class pmoscs (1):  Merged 1 parallel devices.
Subcircuit summary:
Circuit 1: pmoscs                          |Circuit 2: pmoscs                          
-------------------------------------------|-------------------------------------------
sky130_fd_pr__pfet_01v8 (16->7)            |sky130_fd_pr__pfet_01v8 (16->7)            
Number of devices: 7                       |Number of devices: 7                       
Number of nets: 4                          |Number of nets: 4                          
---------------------------------------------------------------------------------------
Resolving symmetries by property value.
Resolving symmetries by pin name.
Netlists match uniquely.

Subcircuit pins:
Circuit 1: pmoscs                          |Circuit 2: pmoscs                          
-------------------------------------------|-------------------------------------------
D5                                         |D5                                         
D1                                         |D1                                         
D2                                         |D2                                         
VDD                                        |VDD                                        
---------------------------------------------------------------------------------------
Cell pin lists are equivalent.
Device classes pmoscs and pmoscs are equivalent.
Flattening unmatched subcell sky130_fd_pr__pfet_01v8_S56997 in circuit pmosdif (0)(8 instances)
Flattening unmatched subcell sky130_fd_pr__pfet_01v8_L4T9AL in circuit pmosdif (0)(2 instances)
Flattening unmatched subcell sky130_fd_pr__pfet_01v8_M4T9AN in circuit pmosdif (0)(2 instances)

Class pmosdif (0):  Merged 8 parallel devices.
Subcircuit summary:
Circuit 1: pmosdif                         |Circuit 2: pmosdif                         
-------------------------------------------|-------------------------------------------
sky130_fd_pr__pfet_01v8 (12->4)            |sky130_fd_pr__pfet_01v8 (12->4)            
Number of devices: 4                       |Number of devices: 4                       
Number of nets: 6                          |Number of nets: 6                          
---------------------------------------------------------------------------------------
Resolving symmetries by property value.
Resolving symmetries by pin name.
Netlists match uniquely with property errors.
sky130_fd_pr__pfet_01v8_S56997_4/sky130_fd_pr__pfet_01v8:0 vs. sky130_fd_pr__pfet_01v8:M6:
 l circuit1: 1   circuit2: 0.5   (delta=66.7%, cutoff=1%)
 w circuit1: 2   circuit2: 1   (delta=66.7%, cutoff=1%)
sky130_fd_pr__pfet_01v8_S56997_2/sky130_fd_pr__pfet_01v8:0 vs. sky130_fd_pr__pfet_01v8:M7:
 l circuit1: 1   circuit2: 0.5   (delta=66.7%, cutoff=1%)
 w circuit1: 2   circuit2: 1   (delta=66.7%, cutoff=1%)
sky130_fd_pr__pfet_01v8_L4T9AL_0/sky130_fd_pr__pfet_01v8:0 vs. sky130_fd_pr__pfet_01v8:M1:
 w circuit1: 2   circuit2: 1   (delta=66.7%, cutoff=1%)
sky130_fd_pr__pfet_01v8_M4T9AN_0/sky130_fd_pr__pfet_01v8:0 vs. sky130_fd_pr__pfet_01v8:M2:
 w circuit1: 2   circuit2: 1   (delta=66.7%, cutoff=1%)

Subcircuit pins:
Circuit 1: pmosdif                         |Circuit 2: pmosdif                         
-------------------------------------------|-------------------------------------------
S                                          |S                                          
VDD                                        |VDD                                        
D6                                         |D6                                         
D7                                         |D7                                         
VIN                                        |VIN                                        
VIP                                        |VIP                                        
---------------------------------------------------------------------------------------
Cell pin lists are equivalent.
Device classes pmosdif and pmosdif are equivalent.
Flattening unmatched subcell sky130_fd_pr__nfet_01v8_F3PBJA in circuit nmoscs (0)(4 instances)
Flattening unmatched subcell sky130_fd_pr__nfet_01v8_TC9PLT in circuit nmoscs (0)(3 instances)
Flattening unmatched subcell sky130_fd_pr__nfet_01v8_TCR5KT in circuit nmoscs (0)(1 instance)

Class nmoscs (0):  Merged 4 parallel devices.
Subcircuit summary:
Circuit 1: nmoscs                          |Circuit 2: nmoscs                          
-------------------------------------------|-------------------------------------------
sky130_fd_pr__nfet_01v8 (8->4)             |sky130_fd_pr__nfet_01v8 (8->4)             
Number of devices: 4                       |Number of devices: 4                       
Number of nets: 4                          |Number of nets: 4                          
---------------------------------------------------------------------------------------
Netlists match uniquely.

Subcircuit pins:
Circuit 1: nmoscs                          |Circuit 2: nmoscs                          
-------------------------------------------|-------------------------------------------
D4                                         |D4                                         
RS                                         |RS                                         
D3                                         |D3                                         
GND                                        |GND                                        
---------------------------------------------------------------------------------------
Cell pin lists are equivalent.
Device classes nmoscs and nmoscs are equivalent.

Subcircuit summary:
Circuit 1: opampfinal                      |Circuit 2: opampfinal                      
-------------------------------------------|-------------------------------------------
nmoscs2 (1)                                |nmoscs2 (1)                                
pmoscs (1)                                 |pmoscs (1)                                 
pmosdif (1)                                |pmosdif (1)                                
nmoscs (1)                                 |nmoscs (1)                                 
Number of devices: 4                       |Number of devices: 4                       
Number of nets: 10                         |Number of nets: 10                         
---------------------------------------------------------------------------------------
Netlists match uniquely.

Subcircuit pins:
Circuit 1: opampfinal                      |Circuit 2: opampfinal                      
-------------------------------------------|-------------------------------------------
RS                                         |RS                                         
VIN                                        |VIN                                        
VIP                                        |VIP                                        
GND                                        |GND                                        
VDD                                        |VDD                                        
OUT                                        |OUT                                        
---------------------------------------------------------------------------------------
Cell pin lists are equivalent.
Device classes opampfinal and opampfinal are equivalent.

Final result: Circuits match uniquely.
.

The following cells had property errors:
 nmoscs2
 pmosdif
